# JRE version: OpenJDK Runtime Environment (8.0_112-b06) (build 1.8.0_112-release-b06)
# Java VM: OpenJDK 64-Bit Server VM (25.112-b06 mixed mode windows-amd64 compressed oops)
Heap:
 PSYoungGen      total 391168K, used 198650K [0x00000000e0000000, 0x00000000fce00000, 0x0000000100000000)
  eden space 378368K, 49% used [0x00000000e0000000,0x00000000eb5bb038,0x00000000f7180000)
  from space 12800K, 98% used [0x00000000fc180000,0x00000000fcdc3850,0x00000000fce00000)
  to   space 26112K, 0% used [0x00000000f9b00000,0x00000000f9b00000,0x00000000fb480000)
 ParOldGen       total 160256K, used 91348K [0x00000000a0000000, 0x00000000a9c80000, 0x00000000e0000000)
  object space 160256K, 57% used [0x00000000a0000000,0x00000000a5935288,0x00000000a9c80000)
 Metaspace       used 79595K, capacity 84946K, committed 85248K, reserved 1124352K
  class space    used 10088K, capacity 10905K, committed 11008K, reserved 1048576K
GC Heap History (10 events):
Event: 3893.924 GC heap before
{Heap before GC invocations=25 (full 3):
 PSYoungGen      total 494080K, used 479965K [0x00000000e0000000, 0x00000000ffe80000, 0x0000000100000000)
  eden space 466944K, 100% used [0x00000000e0000000,0x00000000fc800000,0x00000000fc800000)
  from space 27136K, 47% used [0x00000000fc800000,0x00000000fd4b7690,0x00000000fe280000)
  to   space 25600K, 0% used [0x00000000fe580000,0x00000000fe580000,0x00000000ffe80000)
 ParOldGen       total 160256K, used 82827K [0x00000000a0000000, 0x00000000a9c80000, 0x00000000e0000000)
  object space 160256K, 51% used [0x00000000a0000000,0x00000000a50e2e28,0x00000000a9c80000)
 Metaspace       used 78423K, capacity 83110K, committed 83328K, reserved 1122304K
  class space    used 9992K, capacity 10775K, committed 10880K, reserved 1048576K
Event: 3893.939 GC heap after
Heap after GC invocations=25 (full 3):
 PSYoungGen      total 460288K, used 12404K [0x00000000e0000000, 0x00000000ff200000, 0x0000000100000000)
  eden space 447488K, 0% used [0x00000000e0000000,0x00000000e0000000,0x00000000fb500000)
  from space 12800K, 96% used [0x00000000fe580000,0x00000000ff19d0e8,0x00000000ff200000)
  to   space 24576K, 0% used [0x00000000fc200000,0x00000000fc200000,0x00000000fda00000)
 ParOldGen       total 160256K, used 82835K [0x00000000a0000000, 0x00000000a9c80000, 0x00000000e0000000)
  object space 160256K, 51% used [0x00000000a0000000,0x00000000a50e4e28,0x00000000a9c80000)
 Metaspace       used 78423K, capacity 83110K, committed 83328K, reserved 1122304K
  class space    used 9992K, capacity 10775K, committed 10880K, reserved 1048576K
}
Event: 4143.862 GC heap before
{Heap before GC invocations=26 (full 3):
 PSYoungGen      total 460288K, used 458904K [0x00000000e0000000, 0x00000000ff200000, 0x0000000100000000)
  eden space 447488K, 99% used [0x00000000e0000000,0x00000000fb4090f0,0x00000000fb500000)
  from space 12800K, 96% used [0x00000000fe580000,0x00000000ff19d0e8,0x00000000ff200000)
  to   space 24576K, 0% used [0x00000000fc200000,0x00000000fc200000,0x00000000fda00000)
 ParOldGen       total 160256K, used 82835K [0x00000000a0000000, 0x00000000a9c80000, 0x00000000e0000000)
  object space 160256K, 51% used [0x00000000a0000000,0x00000000a50e4e28,0x00000000a9c80000)
 Metaspace       used 78720K, capacity 83486K, committed 83584K, reserved 1122304K
  class space    used 10008K, capacity 10799K, committed 10880K, reserved 1048576K
Event: 4143.902 GC heap after
Heap after GC invocations=26 (full 3):
 PSYoungGen      total 444416K, used 14945K [0x00000000e0000000, 0x00000000fe600000, 0x0000000100000000)
  eden space 429056K, 0% used [0x00000000e0000000,0x00000000e0000000,0x00000000fa300000)
  from space 15360K, 97% used [0x00000000fc200000,0x00000000fd098798,0x00000000fd100000)
  to   space 21504K, 0% used [0x00000000fd100000,0x00000000fd100000,0x00000000fe600000)
 ParOldGen       total 160256K, used 82843K [0x00000000a0000000, 0x00000000a9c80000, 0x00000000e0000000)
  object space 160256K, 51% used [0x00000000a0000000,0x00000000a50e6e28,0x00000000a9c80000)
 Metaspace       used 78720K, capacity 83486K, committed 83584K, reserved 1122304K
  class space    used 10008K, capacity 10799K, committed 10880K, reserved 1048576K
}
Event: 5525.617 GC heap before
{Heap before GC invocations=27 (full 3):
 PSYoungGen      total 444416K, used 444001K [0x00000000e0000000, 0x00000000fe600000, 0x0000000100000000)
  eden space 429056K, 100% used [0x00000000e0000000,0x00000000fa300000,0x00000000fa300000)
  from space 15360K, 97% used [0x00000000fc200000,0x00000000fd098798,0x00000000fd100000)
  to   space 21504K, 0% used [0x00000000fd100000,0x00000000fd100000,0x00000000fe600000)
 ParOldGen       total 160256K, used 82843K [0x00000000a0000000, 0x00000000a9c80000, 0x00000000e0000000)
  object space 160256K, 51% used [0x00000000a0000000,0x00000000a50e6e28,0x00000000a9c80000)
 Metaspace       used 78879K, capacity 83644K, committed 83840K, reserved 1122304K
  class space    used 10018K, capacity 10808K, committed 10880K, reserved 1048576K
Event: 5525.642 GC heap after
Heap after GC invocations=27 (full 3):
 PSYoungGen      total 432640K, used 21493K [0x00000000e0000000, 0x00000000fe600000, 0x0000000100000000)
  eden space 411136K, 0% used [0x00000000e0000000,0x00000000e0000000,0x00000000f9180000)
  from space 21504K, 99% used [0x00000000fd100000,0x00000000fe5fd640,0x00000000fe600000)
  to   space 27136K, 0% used [0x00000000fb100000,0x00000000fb100000,0x00000000fcb80000)
 ParOldGen       total 160256K, used 86150K [0x00000000a0000000, 0x00000000a9c80000, 0x00000000e0000000)
  object space 160256K, 53% used [0x00000000a0000000,0x00000000a54218f0,0x00000000a9c80000)
 Metaspace       used 78879K, capacity 83644K, committed 83840K, reserved 1122304K
  class space    used 10018K, capacity 10808K, committed 10880K, reserved 1048576K
}
Event: 6887.217 GC heap before
{Heap before GC invocations=28 (full 3):
 PSYoungGen      total 432640K, used 432629K [0x00000000e0000000, 0x00000000fe600000, 0x0000000100000000)
  eden space 411136K, 100% used [0x00000000e0000000,0x00000000f9180000,0x00000000f9180000)
  from space 21504K, 99% used [0x00000000fd100000,0x00000000fe5fd640,0x00000000fe600000)
  to   space 27136K, 0% used [0x00000000fb100000,0x00000000fb100000,0x00000000fcb80000)
 ParOldGen       total 160256K, used 86150K [0x00000000a0000000, 0x00000000a9c80000, 0x00000000e0000000)
  object space 160256K, 53% used [0x00000000a0000000,0x00000000a54218f0,0x00000000a9c80000)
 Metaspace       used 79284K, capacity 84322K, committed 84352K, reserved 1122304K
  class space    used 10059K, capacity 10871K, committed 10880K, reserved 1048576K
Event: 6887.242 GC heap after
Heap after GC invocations=28 (full 3):
 PSYoungGen      total 411136K, used 16427K [0x00000000e0000000, 0x00000000fd180000, 0x0000000100000000)
  eden space 394240K, 0% used [0x00000000e0000000,0x00000000e0000000,0x00000000f8100000)
  from space 16896K, 97% used [0x00000000fb100000,0x00000000fc10ae80,0x00000000fc180000)
  to   space 16384K, 0% used [0x00000000fc180000,0x00000000fc180000,0x00000000fd180000)
 ParOldGen       total 160256K, used 91340K [0x00000000a0000000, 0x00000000a9c80000, 0x00000000e0000000)
  object space 160256K, 56% used [0x00000000a0000000,0x00000000a5933288,0x00000000a9c80000)
 Metaspace       used 79284K, capacity 84322K, committed 84352K, reserved 1122304K
  class space    used 10059K, capacity 10871K, committed 10880K, reserved 1048576K
}
Event: 7253.899 GC heap before
{Heap before GC invocations=29 (full 3):
 PSYoungGen      total 411136K, used 410667K [0x00000000e0000000, 0x00000000fd180000, 0x0000000100000000)
  eden space 394240K, 100% used [0x00000000e0000000,0x00000000f8100000,0x00000000f8100000)
  from space 16896K, 97% used [0x00000000fb100000,0x00000000fc10ae80,0x00000000fc180000)
  to   space 16384K, 0% used [0x00000000fc180000,0x00000000fc180000,0x00000000fd180000)
 ParOldGen       total 160256K, used 91340K [0x00000000a0000000, 0x00000000a9c80000, 0x00000000e0000000)
  object space 160256K, 56% used [0x00000000a0000000,0x00000000a5933288,0x00000000a9c80000)
 Metaspace       used 79515K, capacity 84620K, committed 84736K, reserved 1122304K
  class space    used 10081K, capacity 10894K, committed 11008K, reserved 1048576K
Event: 7253.914 GC heap after
Heap after GC invocations=29 (full 3):
 PSYoungGen      total 391168K, used 12558K [0x00000000e0000000, 0x00000000fce00000, 0x0000000100000000)
  eden space 378368K, 0% used [0x00000000e0000000,0x00000000e0000000,0x00000000f7180000)
  from space 12800K, 98% used [0x00000000fc180000,0x00000000fcdc3850,0x00000000fce00000)
  to   space 26112K, 0% used [0x00000000f9b00000,0x00000000f9b00000,0x00000000fb480000)
 ParOldGen       total 160256K, used 91348K [0x00000000a0000000, 0x00000000a9c80000, 0x00000000e0000000)
  object space 160256K, 57% used [0x00000000a0000000,0x00000000a5935288,0x00000000a9c80000)
 Metaspace       used 79515K, capacity 84620K, committed 84736K, reserved 1122304K
  class space    used 10081K, capacity 10894K, committed 11008K, reserved 1048576K
}

